<?xml version="1.0" encoding="UTF-8"?>
<!-- Generated by org.testng.reporters.JUnitReportReporter -->
<testsuite hostname="ASUS-7267" failures="0" tests="1" name="com.cas.pack01.Test01" time="4.728" errors="0" timestamp="2022-07-18T02:19:03 IST" skipped="0">
  <testcase classname="com.cas.pack01.Test01" name="test1" time="4.728"/>
  <system-out/>
</testsuite> <!-- com.cas.pack01.Test01 -->
