<?xml version="1.0" encoding="UTF-8"?>
<!-- Generated by org.testng.reporters.JUnitReportReporter -->
<testsuite hostname="ASUS-7267" failures="0" tests="1" name="com.orangeHRM.Login" time="43.147" errors="0" timestamp="2022-07-18T13:28:06 IST" skipped="0">
  <testcase classname="com.orangeHRM.Login" name="loginTest" time="43.147"/>
  <system-out>
    <![CDATA[user name textBox is displayed
username successfully entered
password textBox is displayed
password successfully entered
login button is displayed
login button successfully clicked]]>
  </system-out>
</testsuite> <!-- com.orangeHRM.Login -->
